<?xml version="1.0" encoding="UTF-8"?>
<testsuite name="financialUtest" tests="1" skipped="1" failures="0" errors="0" timestamp="2022-03-12T18:33:47" hostname="DESKTOP-4PA18HQ" time="25.032">
  <properties/>
  <testcase name="Load uTest main page" classname="financialUtest" time="25.032">
    <skipped/>
  </testcase>
  <system-out><![CDATA[]]></system-out>
  <system-err><![CDATA[[Test worker] WARN net.thucydides.core.steps.BaseStepListener - stepStarted: net.thucydides.core.steps.ExecutedStepDescription@1ef7f44e
[Test worker] WARN net.thucydides.core.steps.BaseStepListener - stepStarted: net.thucydides.core.steps.ExecutedStepDescription@45cb0cb0
[Test worker] WARN net.thucydides.core.steps.BaseStepListener - stepStarted: net.thucydides.core.steps.ExecutedStepDescription@69fd38b5
mar 12, 2022 12:33:47 PM org.openqa.selenium.remote.DesiredCapabilities chrome
INFORMACIÓN: Using `new ChromeOptions()` is preferred to `DesiredCapabilities.chrome()`
[Test worker] INFO net.serenitybdd.core.webdriver.driverproviders.ProvideNewDriver - Instantiating driver
[Test worker] INFO net.serenitybdd.core.webdriver.driverproviders.ProvideNewDriver - Driver capabilities: Capabilities {acceptInsecureCerts: false, browserName: chrome, chrome.switches: --start-maximized, goog:chromeOptions: {args: [--start-maximized], extensions: []}, loggingPrefs: org.openqa.selenium.logging..., platform: ANY, version: }
Starting ChromeDriver 99.0.4844.51 (d537ec02474b5afe23684e7963d538896c63ac77-refs/branch-heads/4844@{#875}) on port 45320
Only local connections are allowed.
Please see https://chromedriver.chromium.org/security-considerations for suggestions on keeping ChromeDriver safe.
ChromeDriver was started successfully.
mar 12, 2022 12:33:49 PM org.openqa.selenium.remote.ProtocolHandshake createSession
INFORMACIÓN: Detected dialect: W3C
[Test worker] WARN net.thucydides.core.steps.BaseStepListener - stepFinished: current outcome:Load uTest main page:Given I want to create a user and load the main page uTest [Usuariotania open up [UsuarioTania opens the Utestpage]]
[Test worker] WARN net.thucydides.core.steps.BaseStepListener - stepFinished: current outcome:Load uTest main page:Given I want to create a user and load the main page uTest [Usuariotania open up [UsuarioTania opens the Utestpage]]
[Test worker] WARN net.thucydides.core.steps.BaseStepListener - stepStarted: net.thucydides.core.steps.ExecutedStepDescription@f6af602
[Test worker] WARN net.thucydides.core.steps.BaseStepListener - stepStarted: net.thucydides.core.steps.ExecutedStepDescription@6539165a
[Test worker] WARN net.thucydides.core.steps.BaseStepListener - stepFinished: current outcome:Load uTest main page:Given I want to create a user and load the main page uTest [Usuariotania open up [UsuarioTania opens the Utestpage], Usuariotania join today [UsuarioTania clicks on button that shows us the form to create user]]
[Test worker] WARN net.thucydides.core.steps.BaseStepListener - stepStarted: net.thucydides.core.steps.ExecutedStepDescription@7e9e5a86
[Test worker] WARN net.thucydides.core.steps.BaseStepListener - stepFinished: current outcome:Load uTest main page:Given I want to create a user and load the main page uTest [Usuariotania open up [UsuarioTania opens the Utestpage], Usuariotania join today [UsuarioTania clicks on button that shows us the form to create user, UsuarioTania enters 'Tania' into where we write the first name]]
[Test worker] WARN net.thucydides.core.steps.BaseStepListener - stepStarted: net.thucydides.core.steps.ExecutedStepDescription@55942386
[Test worker] WARN net.thucydides.core.steps.BaseStepListener - stepFinished: current outcome:Load uTest main page:Given I want to create a user and load the main page uTest [Usuariotania open up [UsuarioTania opens the Utestpage], Usuariotania join today [UsuarioTania clicks on button that shows us the form to create user, UsuarioTania enters 'Tania' into where we write the first name, UsuarioTania enters 'Ruiz' into Where we write the last name]]
[Test worker] WARN net.thucydides.core.steps.BaseStepListener - stepStarted: net.thucydides.core.steps.ExecutedStepDescription@4af06107
[Test worker] WARN net.thucydides.core.steps.BaseStepListener - stepFinished: current outcome:Load uTest main page:Given I want to create a user and load the main page uTest [Usuariotania open up [UsuarioTania opens the Utestpage], Usuariotania join today [UsuarioTania clicks on button that shows us the form to create user, UsuarioTania enters 'Tania' into where we write the first name, UsuarioTania enters 'Ruiz' into Where we write the last name, UsuarioTania enters 'tania8@hotmail.com' into Where we write the email]]
[Test worker] WARN net.thucydides.core.steps.BaseStepListener - stepStarted: net.thucydides.core.steps.ExecutedStepDescription@43ad3c6c
[Test worker] WARN net.thucydides.core.steps.BaseStepListener - stepFinished: current outcome:Load uTest main page:Given I want to create a user and load the main page uTest [Usuariotania open up [UsuarioTania opens the Utestpage], Usuariotania join today [UsuarioTania clicks on button that shows us the form to create user, UsuarioTania enters 'Tania' into where we write the first name, UsuarioTania enters 'Ruiz' into Where we write the last name, UsuarioTania enters 'tania8@hotmail.com' into Where we write the email, UsuarioTania select January on where you select the month]]
[Test worker] WARN net.thucydides.core.steps.BaseStepListener - stepStarted: net.thucydides.core.steps.ExecutedStepDescription@6fef8b68
[Test worker] WARN net.thucydides.core.steps.BaseStepListener - stepFinished: current outcome:Load uTest main page:Given I want to create a user and load the main page uTest [Usuariotania open up [UsuarioTania opens the Utestpage], Usuariotania join today [UsuarioTania clicks on button that shows us the form to create user, UsuarioTania enters 'Tania' into where we write the first name, UsuarioTania enters 'Ruiz' into Where we write the last name, UsuarioTania enters 'tania8@hotmail.com' into Where we write the email, UsuarioTania select January on where you select the month, UsuarioTania select 1 on where you select the day]]
[Test worker] WARN net.thucydides.core.steps.BaseStepListener - stepStarted: net.thucydides.core.steps.ExecutedStepDescription@21a2e72e
[Test worker] WARN net.thucydides.core.steps.BaseStepListener - stepFinished: current outcome:Load uTest main page:Given I want to create a user and load the main page uTest [Usuariotania open up [UsuarioTania opens the Utestpage], Usuariotania join today [UsuarioTania clicks on button that shows us the form to create user, UsuarioTania enters 'Tania' into where we write the first name, UsuarioTania enters 'Ruiz' into Where we write the last name, UsuarioTania enters 'tania8@hotmail.com' into Where we write the email, UsuarioTania select January on where you select the month, UsuarioTania select 1 on where you select the day, UsuarioTania select 2000 on where you select the year]]
[Test worker] WARN net.thucydides.core.steps.BaseStepListener - stepStarted: net.thucydides.core.steps.ExecutedStepDescription@12bac515
[Test worker] WARN net.thucydides.core.steps.BaseStepListener - stepFinished: current outcome:Load uTest main page:Given I want to create a user and load the main page uTest [Usuariotania open up [UsuarioTania opens the Utestpage], Usuariotania join today [UsuarioTania clicks on button that shows us the form to create user, UsuarioTania enters 'Tania' into where we write the first name, UsuarioTania enters 'Ruiz' into Where we write the last name, UsuarioTania enters 'tania8@hotmail.com' into Where we write the email, UsuarioTania select January on where you select the month, UsuarioTania select 1 on where you select the day, UsuarioTania select 2000 on where you select the year, UsuarioTania clicks on select button next location button to continue]]
[Test worker] WARN net.thucydides.core.steps.BaseStepListener - stepStarted: net.thucydides.core.steps.ExecutedStepDescription@26faaa81
[Test worker] WARN net.thucydides.core.steps.BaseStepListener - stepFinished: current outcome:Load uTest main page:Given I want to create a user and load the main page uTest [Usuariotania open up [UsuarioTania opens the Utestpage], Usuariotania join today [UsuarioTania clicks on button that shows us the form to create user, UsuarioTania enters 'Tania' into where we write the first name, UsuarioTania enters 'Ruiz' into Where we write the last name, UsuarioTania enters 'tania8@hotmail.com' into Where we write the email, UsuarioTania select January on where you select the month, UsuarioTania select 1 on where you select the day, UsuarioTania select 2000 on where you select the year, UsuarioTania clicks on select button next location button to continue, UsuarioTania enters 'Pereira' into Select the city]]
[Test worker] WARN net.thucydides.core.steps.BaseStepListener - stepStarted: net.thucydides.core.steps.ExecutedStepDescription@13a785cb
[Test worker] WARN net.thucydides.core.steps.BaseStepListener - stepFinished: current outcome:Load uTest main page:Given I want to create a user and load the main page uTest [Usuariotania open up [UsuarioTania opens the Utestpage], Usuariotania join today [UsuarioTania clicks on button that shows us the form to create user, UsuarioTania enters 'Tania' into where we write the first name, UsuarioTania enters 'Ruiz' into Where we write the last name, UsuarioTania enters 'tania8@hotmail.com' into Where we write the email, UsuarioTania select January on where you select the month, UsuarioTania select 1 on where you select the day, UsuarioTania select 2000 on where you select the year, UsuarioTania clicks on select button next location button to continue, UsuarioTania enters 'Pereira' into Select the city, UsuarioTania types 'ARROW_DOWN' in Select the city]]
[Test worker] WARN net.thucydides.core.steps.BaseStepListener - stepStarted: net.thucydides.core.steps.ExecutedStepDescription@71cc08b3
[Test worker] WARN net.thucydides.core.steps.BaseStepListener - stepFinished: current outcome:Load uTest main page:Given I want to create a user and load the main page uTest [Usuariotania open up [UsuarioTania opens the Utestpage], Usuariotania join today [UsuarioTania clicks on button that shows us the form to create user, UsuarioTania enters 'Tania' into where we write the first name, UsuarioTania enters 'Ruiz' into Where we write the last name, UsuarioTania enters 'tania8@hotmail.com' into Where we write the email, UsuarioTania select January on where you select the month, UsuarioTania select 1 on where you select the day, UsuarioTania select 2000 on where you select the year, UsuarioTania clicks on select button next location button to continue, UsuarioTania enters 'Pereira' into Select the city, UsuarioTania types 'ARROW_DOWN' in Select the city, UsuarioTania enters '60001' into Enter zip code]]
[Test worker] WARN net.thucydides.core.steps.BaseStepListener - stepStarted: net.thucydides.core.steps.ExecutedStepDescription@5c65c3e
[Test worker] WARN net.thucydides.core.steps.BaseStepListener - stepFinished: current outcome:Load uTest main page:Given I want to create a user and load the main page uTest [Usuariotania open up [UsuarioTania opens the Utestpage], Usuariotania join today [UsuarioTania clicks on button that shows us the form to create user, UsuarioTania enters 'Tania' into where we write the first name, UsuarioTania enters 'Ruiz' into Where we write the last name, UsuarioTania enters 'tania8@hotmail.com' into Where we write the email, UsuarioTania select January on where you select the month, UsuarioTania select 1 on where you select the day, UsuarioTania select 2000 on where you select the year, UsuarioTania clicks on select button next location button to continue, UsuarioTania enters 'Pereira' into Select the city, UsuarioTania types 'ARROW_DOWN' in Select the city, UsuarioTania enters '60001' into Enter zip code, UsuarioTania clicks on Select the country]]
[Test worker] WARN net.thucydides.core.steps.BaseStepListener - stepStarted: net.thucydides.core.steps.ExecutedStepDescription@420e5371
[Test worker] WARN net.thucydides.core.steps.BaseStepListener - stepFinished: current outcome:Load uTest main page:Given I want to create a user and load the main page uTest [Usuariotania open up [UsuarioTania opens the Utestpage], Usuariotania join today [UsuarioTania clicks on button that shows us the form to create user, UsuarioTania enters 'Tania' into where we write the first name, UsuarioTania enters 'Ruiz' into Where we write the last name, UsuarioTania enters 'tania8@hotmail.com' into Where we write the email, UsuarioTania select January on where you select the month, UsuarioTania select 1 on where you select the day, UsuarioTania select 2000 on where you select the year, UsuarioTania clicks on select button next location button to continue, UsuarioTania enters 'Pereira' into Select the city, UsuarioTania types 'ARROW_DOWN' in Select the city, UsuarioTania enters '60001' into Enter zip code, UsuarioTania clicks on Select the country, UsuarioTania enters '60001' into Enter zip code]]
[Test worker] WARN net.thucydides.core.steps.BaseStepListener - stepStarted: net.thucydides.core.steps.ExecutedStepDescription@5e0642c9
[Test worker] WARN net.thucydides.core.steps.BaseStepListener - stepFinished: current outcome:Load uTest main page:Given I want to create a user and load the main page uTest [Usuariotania open up [UsuarioTania opens the Utestpage], Usuariotania join today [UsuarioTania clicks on button that shows us the form to create user, UsuarioTania enters 'Tania' into where we write the first name, UsuarioTania enters 'Ruiz' into Where we write the last name, UsuarioTania enters 'tania8@hotmail.com' into Where we write the email, UsuarioTania select January on where you select the month, UsuarioTania select 1 on where you select the day, UsuarioTania select 2000 on where you select the year, UsuarioTania clicks on select button next location button to continue, UsuarioTania enters 'Pereira' into Select the city, UsuarioTania types 'ARROW_DOWN' in Select the city, UsuarioTania enters '60001' into Enter zip code, UsuarioTania clicks on Select the country, UsuarioTania enters '60001' into Enter zip code, UsuarioTania clicks on Select button next Devices]]
[Test worker] WARN net.thucydides.core.steps.BaseStepListener - stepStarted: net.thucydides.core.steps.ExecutedStepDescription@589b7987
[Test worker] WARN net.thucydides.core.steps.BaseStepListener - stepFinished: current outcome:Load uTest main page:Given I want to create a user and load the main page uTest [Usuariotania open up [UsuarioTania opens the Utestpage], Usuariotania join today [UsuarioTania clicks on button that shows us the form to create user, UsuarioTania enters 'Tania' into where we write the first name, UsuarioTania enters 'Ruiz' into Where we write the last name, UsuarioTania enters 'tania8@hotmail.com' into Where we write the email, UsuarioTania select January on where you select the month, UsuarioTania select 1 on where you select the day, UsuarioTania select 2000 on where you select the year, UsuarioTania clicks on select button next location button to continue, UsuarioTania enters 'Pereira' into Select the city, UsuarioTania types 'ARROW_DOWN' in Select the city, UsuarioTania enters '60001' into Enter zip code, UsuarioTania clicks on Select the country, UsuarioTania enters '60001' into Enter zip code, UsuarioTania clicks on Select button next Devices, UsuarioTania clicks on Select button next last step]]
[Test worker] WARN net.thucydides.core.steps.BaseStepListener - stepStarted: net.thucydides.core.steps.ExecutedStepDescription@47988c40
[Test worker] WARN net.thucydides.core.steps.BaseStepListener - stepFinished: current outcome:Load uTest main page:Given I want to create a user and load the main page uTest [Usuariotania open up [UsuarioTania opens the Utestpage], Usuariotania join today [UsuarioTania clicks on button that shows us the form to create user, UsuarioTania enters 'Tania' into where we write the first name, UsuarioTania enters 'Ruiz' into Where we write the last name, UsuarioTania enters 'tania8@hotmail.com' into Where we write the email, UsuarioTania select January on where you select the month, UsuarioTania select 1 on where you select the day, UsuarioTania select 2000 on where you select the year, UsuarioTania clicks on select button next location button to continue, UsuarioTania enters 'Pereira' into Select the city, UsuarioTania types 'ARROW_DOWN' in Select the city, UsuarioTania enters '60001' into Enter zip code, UsuarioTania clicks on Select the country, UsuarioTania enters '60001' into Enter zip code, UsuarioTania clicks on Select button next Devices, UsuarioTania clicks on Select button next last step, UsuarioTania enters 'Taniasanchez123' into write password to create]]
[Test worker] WARN net.thucydides.core.steps.BaseStepListener - stepStarted: net.thucydides.core.steps.ExecutedStepDescription@604002e5
[Test worker] WARN net.thucydides.core.steps.BaseStepListener - stepFinished: current outcome:Load uTest main page:Given I want to create a user and load the main page uTest [Usuariotania open up [UsuarioTania opens the Utestpage], Usuariotania join today [UsuarioTania clicks on button that shows us the form to create user, UsuarioTania enters 'Tania' into where we write the first name, UsuarioTania enters 'Ruiz' into Where we write the last name, UsuarioTania enters 'tania8@hotmail.com' into Where we write the email, UsuarioTania select January on where you select the month, UsuarioTania select 1 on where you select the day, UsuarioTania select 2000 on where you select the year, UsuarioTania clicks on select button next location button to continue, UsuarioTania enters 'Pereira' into Select the city, UsuarioTania types 'ARROW_DOWN' in Select the city, UsuarioTania enters '60001' into Enter zip code, UsuarioTania clicks on Select the country, UsuarioTania enters '60001' into Enter zip code, UsuarioTania clicks on Select button next Devices, UsuarioTania clicks on Select button next last step, UsuarioTania enters 'Taniasanchez123' into write password to create, UsuarioTania enters 'Taniasanchez123' into write password to confirm]]
[Test worker] WARN net.thucydides.core.steps.BaseStepListener - stepStarted: net.thucydides.core.steps.ExecutedStepDescription@1adbe1af
[Test worker] WARN net.thucydides.core.steps.BaseStepListener - stepFinished: current outcome:Load uTest main page:Given I want to create a user and load the main page uTest [Usuariotania open up [UsuarioTania opens the Utestpage], Usuariotania join today [UsuarioTania clicks on button that shows us the form to create user, UsuarioTania enters 'Tania' into where we write the first name, UsuarioTania enters 'Ruiz' into Where we write the last name, UsuarioTania enters 'tania8@hotmail.com' into Where we write the email, UsuarioTania select January on where you select the month, UsuarioTania select 1 on where you select the day, UsuarioTania select 2000 on where you select the year, UsuarioTania clicks on select button next location button to continue, UsuarioTania enters 'Pereira' into Select the city, UsuarioTania types 'ARROW_DOWN' in Select the city, UsuarioTania enters '60001' into Enter zip code, UsuarioTania clicks on Select the country, UsuarioTania enters '60001' into Enter zip code, UsuarioTania clicks on Select button next Devices, UsuarioTania clicks on Select button next last step, UsuarioTania enters 'Taniasanchez123' into write password to create, UsuarioTania enters 'Taniasanchez123' into write password to confirm, UsuarioTania clicks on accept terms of use]]
[Test worker] WARN net.thucydides.core.steps.BaseStepListener - stepStarted: net.thucydides.core.steps.ExecutedStepDescription@72b01693
[Test worker] WARN net.thucydides.core.steps.BaseStepListener - stepFinished: current outcome:Load uTest main page:Given I want to create a user and load the main page uTest [Usuariotania open up [UsuarioTania opens the Utestpage], Usuariotania join today [UsuarioTania clicks on button that shows us the form to create user, UsuarioTania enters 'Tania' into where we write the first name, UsuarioTania enters 'Ruiz' into Where we write the last name, UsuarioTania enters 'tania8@hotmail.com' into Where we write the email, UsuarioTania select January on where you select the month, UsuarioTania select 1 on where you select the day, UsuarioTania select 2000 on where you select the year, UsuarioTania clicks on select button next location button to continue, UsuarioTania enters 'Pereira' into Select the city, UsuarioTania types 'ARROW_DOWN' in Select the city, UsuarioTania enters '60001' into Enter zip code, UsuarioTania clicks on Select the country, UsuarioTania enters '60001' into Enter zip code, UsuarioTania clicks on Select button next Devices, UsuarioTania clicks on Select button next last step, UsuarioTania enters 'Taniasanchez123' into write password to create, UsuarioTania enters 'Taniasanchez123' into write password to confirm, UsuarioTania clicks on accept terms of use, UsuarioTania clicks on accept code of conduct]]
[Test worker] WARN net.thucydides.core.steps.BaseStepListener - stepStarted: net.thucydides.core.steps.ExecutedStepDescription@fb09976
[Test worker] WARN net.thucydides.core.steps.BaseStepListener - stepFinished: current outcome:Load uTest main page:Given I want to create a user and load the main page uTest [Usuariotania open up [UsuarioTania opens the Utestpage], Usuariotania join today [UsuarioTania clicks on button that shows us the form to create user, UsuarioTania enters 'Tania' into where we write the first name, UsuarioTania enters 'Ruiz' into Where we write the last name, UsuarioTania enters 'tania8@hotmail.com' into Where we write the email, UsuarioTania select January on where you select the month, UsuarioTania select 1 on where you select the day, UsuarioTania select 2000 on where you select the year, UsuarioTania clicks on select button next location button to continue, UsuarioTania enters 'Pereira' into Select the city, UsuarioTania types 'ARROW_DOWN' in Select the city, UsuarioTania enters '60001' into Enter zip code, UsuarioTania clicks on Select the country, UsuarioTania enters '60001' into Enter zip code, UsuarioTania clicks on Select button next Devices, UsuarioTania clicks on Select button next last step, UsuarioTania enters 'Taniasanchez123' into write password to create, UsuarioTania enters 'Taniasanchez123' into write password to confirm, UsuarioTania clicks on accept terms of use, UsuarioTania clicks on accept code of conduct, UsuarioTania clicks on accept privacy & security policy]]
[Test worker] WARN net.thucydides.core.steps.BaseStepListener - stepFinished: current outcome:Load uTest main page:Given I want to create a user and load the main page uTest [Usuariotania open up [UsuarioTania opens the Utestpage], Usuariotania join today [UsuarioTania clicks on button that shows us the form to create user, UsuarioTania enters 'Tania' into where we write the first name, UsuarioTania enters 'Ruiz' into Where we write the last name, UsuarioTania enters 'tania8@hotmail.com' into Where we write the email, UsuarioTania select January on where you select the month, UsuarioTania select 1 on where you select the day, UsuarioTania select 2000 on where you select the year, UsuarioTania clicks on select button next location button to continue, UsuarioTania enters 'Pereira' into Select the city, UsuarioTania types 'ARROW_DOWN' in Select the city, UsuarioTania enters '60001' into Enter zip code, UsuarioTania clicks on Select the country, UsuarioTania enters '60001' into Enter zip code, UsuarioTania clicks on Select button next Devices, UsuarioTania clicks on Select button next last step, UsuarioTania enters 'Taniasanchez123' into write password to create, UsuarioTania enters 'Taniasanchez123' into write password to confirm, UsuarioTania clicks on accept terms of use, UsuarioTania clicks on accept code of conduct, UsuarioTania clicks on accept privacy & security policy]]
[Test worker] WARN net.thucydides.core.steps.BaseStepListener - stepFinished: current outcome:Load uTest main page:Given I want to create a user and load the main page uTest [Usuariotania open up [UsuarioTania opens the Utestpage], Usuariotania join today [UsuarioTania clicks on button that shows us the form to create user, UsuarioTania enters 'Tania' into where we write the first name, UsuarioTania enters 'Ruiz' into Where we write the last name, UsuarioTania enters 'tania8@hotmail.com' into Where we write the email, UsuarioTania select January on where you select the month, UsuarioTania select 1 on where you select the day, UsuarioTania select 2000 on where you select the year, UsuarioTania clicks on select button next location button to continue, UsuarioTania enters 'Pereira' into Select the city, UsuarioTania types 'ARROW_DOWN' in Select the city, UsuarioTania enters '60001' into Enter zip code, UsuarioTania clicks on Select the country, UsuarioTania enters '60001' into Enter zip code, UsuarioTania clicks on Select button next Devices, UsuarioTania clicks on Select button next last step, UsuarioTania enters 'Taniasanchez123' into write password to create, UsuarioTania enters 'Taniasanchez123' into write password to confirm, UsuarioTania clicks on accept terms of use, UsuarioTania clicks on accept code of conduct, UsuarioTania clicks on accept privacy & security policy]]
[Test worker] WARN net.thucydides.core.steps.BaseStepListener - stepStarted: net.thucydides.core.steps.ExecutedStepDescription@6a5573f2
[Test worker] INFO net.thucydides.core.steps.ConsoleLoggingListener - TEST PENDING
[Test worker] WARN net.thucydides.core.steps.BaseStepListener - stepStarted: net.thucydides.core.steps.ExecutedStepDescription@2edbb700
[Test worker] WARN net.thucydides.core.steps.BaseStepListener - testFinished: Load uTest main page:Given I want to create a user and load the main page uTest [Usuariotania open up [UsuarioTania opens the Utestpage], Usuariotania join today [UsuarioTania clicks on button that shows us the form to create user, UsuarioTania enters 'Tania' into where we write the first name, UsuarioTania enters 'Ruiz' into Where we write the last name, UsuarioTania enters 'tania8@hotmail.com' into Where we write the email, UsuarioTania select January on where you select the month, UsuarioTania select 1 on where you select the day, UsuarioTania select 2000 on where you select the year, UsuarioTania clicks on select button next location button to continue, UsuarioTania enters 'Pereira' into Select the city, UsuarioTania types 'ARROW_DOWN' in Select the city, UsuarioTania enters '60001' into Enter zip code, UsuarioTania clicks on Select the country, UsuarioTania enters '60001' into Enter zip code, UsuarioTania clicks on Select button next Devices, UsuarioTania clicks on Select button next last step, UsuarioTania enters 'Taniasanchez123' into write password to create, UsuarioTania enters 'Taniasanchez123' into write password to confirm, UsuarioTania clicks on accept terms of use, UsuarioTania clicks on accept code of conduct, UsuarioTania clicks on accept privacy & security policy]], When I look for the Join Today button, Then I find the page to fill out the user creation form
[Test worker] WARN net.thucydides.core.steps.BaseStepListener - TestOutcomes: [Load uTest main page:Given I want to create a user and load the main page uTest [Usuariotania open up [UsuarioTania opens the Utestpage], Usuariotania join today [UsuarioTania clicks on button that shows us the form to create user, UsuarioTania enters 'Tania' into where we write the first name, UsuarioTania enters 'Ruiz' into Where we write the last name, UsuarioTania enters 'tania8@hotmail.com' into Where we write the email, UsuarioTania select January on where you select the month, UsuarioTania select 1 on where you select the day, UsuarioTania select 2000 on where you select the year, UsuarioTania clicks on select button next location button to continue, UsuarioTania enters 'Pereira' into Select the city, UsuarioTania types 'ARROW_DOWN' in Select the city, UsuarioTania enters '60001' into Enter zip code, UsuarioTania clicks on Select the country, UsuarioTania enters '60001' into Enter zip code, UsuarioTania clicks on Select button next Devices, UsuarioTania clicks on Select button next last step, UsuarioTania enters 'Taniasanchez123' into write password to create, UsuarioTania enters 'Taniasanchez123' into write password to confirm, UsuarioTania clicks on accept terms of use, UsuarioTania clicks on accept code of conduct, UsuarioTania clicks on accept privacy & security policy]], When I look for the Join Today button, Then I find the page to fill out the user creation form]
[Test worker] WARN net.thucydides.core.steps.BaseStepListener - Final testOutcomes: [Load uTest main page:Given I want to create a user and load the main page uTest [Usuariotania open up [UsuarioTania opens the Utestpage], Usuariotania join today [UsuarioTania clicks on button that shows us the form to create user, UsuarioTania enters 'Tania' into where we write the first name, UsuarioTania enters 'Ruiz' into Where we write the last name, UsuarioTania enters 'tania8@hotmail.com' into Where we write the email, UsuarioTania select January on where you select the month, UsuarioTania select 1 on where you select the day, UsuarioTania select 2000 on where you select the year, UsuarioTania clicks on select button next location button to continue, UsuarioTania enters 'Pereira' into Select the city, UsuarioTania types 'ARROW_DOWN' in Select the city, UsuarioTania enters '60001' into Enter zip code, UsuarioTania clicks on Select the country, UsuarioTania enters '60001' into Enter zip code, UsuarioTania clicks on Select button next Devices, UsuarioTania clicks on Select button next last step, UsuarioTania enters 'Taniasanchez123' into write password to create, UsuarioTania enters 'Taniasanchez123' into write password to confirm, UsuarioTania clicks on accept terms of use, UsuarioTania clicks on accept code of conduct, UsuarioTania clicks on accept privacy & security policy]], When I look for the Join Today button, Then I find the page to fill out the user creation form]
[Test worker] INFO net.thucydides.core.steps.ConsoleLoggingListener - 
          __  _____ _____ ____ _____   ____  _____ _   _ ____ ___ _   _  ____ 
 _       / / |_   _| ____/ ___|_   _| |  _ \| ____| \ | |  _ \_ _| \ | |/ ___|
(_)____ / /    | | |  _| \___ \ | |   | |_) |  _| |  \| | | | | ||  \| | |  _ 
 |_____/ /     | | | |___ ___) || |   |  __/| |___| |\  | |_| | || |\  | |_| |
(_)   /_/      |_| |_____|____/ |_|   |_|   |_____|_| \_|____/___|_| \_|\____|
                                                                                

TEST PENDING: Load uTest main page
---------------------------------------------------------------------------------
]]></system-err>
</testsuite>
